2023-12-19 22:12:04 INFO  BuyPage :18 - mouseHoverOnBuyAndSell: [[ChromeDriver: chrome on windows (480086889a1f37c82dcab3fe9a3d8ee7)] -> xpath: //a[normalize-space()='buy + sell']]
2023-12-19 22:12:637 INFO  BuyPage :25 - mouseHoverOnBuyAndSell: [[ChromeDriver: chrome on windows (06fe0cc28473aa4e4185b03542916406)] -> xpath: //a[normalize-space()='buy + sell']]
2023-12-19 22:12:94 INFO  BuyPage :25 - mouseHoverOnBuyAndSell: [[ChromeDriver: chrome on windows (9d79f68de74d3f6f8025e6322c6f06c1)] -> xpath: //a[normalize-space()='buy + sell']]
2023-12-19 22:12:418 INFO  BuyPage :25 - mouseHoverOnBuyAndSell: [[ChromeDriver: chrome on windows (8e3253ef40f9df1bc84fff7e4f15bb2b)] -> xpath: //a[normalize-space()='buy + sell']]
2023-12-19 22:12:652 INFO  BuyPage :29 - clickOnUsedLink: [[ChromeDriver: chrome on windows (8e3253ef40f9df1bc84fff7e4f15bb2b)] -> link text: Used]
2023-12-19 22:12:454 INFO  BuyPage :25 - mouseHoverOnBuyAndSell: [[ChromeDriver: chrome on windows (6041d2b820542eb3f056d05ad6261cfe)] -> xpath: //a[normalize-space()='buy + sell']]
2023-12-19 22:12:675 INFO  BuyPage :29 - clickOnUsedLink: [[ChromeDriver: chrome on windows (6041d2b820542eb3f056d05ad6261cfe)] -> link text: Used]
2023-12-22 21:12:602 INFO  BuyPage :63 - mouse hover on Buy n Sell :[[ChromeDriver: chrome on windows (ea4a12b398fdba41276ce6aadfe90778)] -> xpath: //a[normalize-space()='buy + sell']]
2023-12-22 21:12:909 INFO  BuyPage :68 - searchCarsLink :[[ChromeDriver: chrome on windows (ea4a12b398fdba41276ce6aadfe90778)] -> css selector: a[href='/buy-a-car/new-and-used-car-search']]
2023-12-22 21:12:245 INFO  BuyPage :79 - navigateToNewAndUsedSearchCars :[[ChromeDriver: chrome on windows (ea4a12b398fdba41276ce6aadfe90778)] -> xpath: //label[normalize-space()='All new & used cars']]
2023-12-22 21:12:365 INFO  BuyPage :95 - navigateToNewAndUsedSearchCars :[[ChromeDriver: chrome on windows (ea4a12b398fdba41276ce6aadfe90778)] -> id: makes]
2023-12-22 21:12:475 INFO  BuyPage :99 - selectModel :[[ChromeDriver: chrome on windows (ea4a12b398fdba41276ce6aadfe90778)] -> id: makes]
2023-12-22 21:12:788 INFO  BuyPage :103 - selectLocation :[[ChromeDriver: chrome on windows (ea4a12b398fdba41276ce6aadfe90778)] -> id: locations]
2023-12-22 21:12:890 INFO  BuyPage :107 - selectPrice :[[ChromeDriver: chrome on windows (ea4a12b398fdba41276ce6aadfe90778)] -> id: priceTo]
2023-12-22 21:12:999 INFO  BuyPage :111 - clickOnFindMyNextCar :[[ChromeDriver: chrome on windows (ea4a12b398fdba41276ce6aadfe90778)] -> id: search-submit]
2023-12-22 21:12:36 INFO  BuyPage :63 - mouse hover on Buy n Sell :[[ChromeDriver: chrome on windows (982768393fe987e7e2cc7a06860b3282)] -> xpath: //a[normalize-space()='buy + sell']]
2023-12-22 21:12:223 INFO  BuyPage :68 - searchCarsLink :[[ChromeDriver: chrome on windows (982768393fe987e7e2cc7a06860b3282)] -> css selector: a[href='/buy-a-car/new-and-used-car-search']]
2023-12-22 21:12:448 INFO  BuyPage :79 - navigateToNewAndUsedSearchCars :[[ChromeDriver: chrome on windows (982768393fe987e7e2cc7a06860b3282)] -> xpath: //label[normalize-space()='All new & used cars']]
2023-12-22 21:12:531 INFO  BuyPage :95 - navigateToNewAndUsedSearchCars :[[ChromeDriver: chrome on windows (982768393fe987e7e2cc7a06860b3282)] -> id: makes]
2023-12-22 21:12:662 INFO  BuyPage :99 - selectModel :[[ChromeDriver: chrome on windows (982768393fe987e7e2cc7a06860b3282)] -> id: makes]
2023-12-22 21:12:993 INFO  BuyPage :103 - selectLocation :[[ChromeDriver: chrome on windows (982768393fe987e7e2cc7a06860b3282)] -> id: locations]
2023-12-22 21:12:127 INFO  BuyPage :107 - selectPrice :[[ChromeDriver: chrome on windows (982768393fe987e7e2cc7a06860b3282)] -> id: priceTo]
2023-12-22 21:12:266 INFO  BuyPage :111 - clickOnFindMyNextCar :[[ChromeDriver: chrome on windows (982768393fe987e7e2cc7a06860b3282)] -> id: search-submit]
2023-12-22 21:12:382 INFO  BuyPage :63 - mouse hover on Buy n Sell :[[ChromeDriver: chrome on windows (fcffc5baf567b2147e45a31809be1298)] -> xpath: //a[normalize-space()='buy + sell']]
2023-12-22 21:12:557 INFO  BuyPage :68 - searchCarsLink :[[ChromeDriver: chrome on windows (fcffc5baf567b2147e45a31809be1298)] -> css selector: a[href='/buy-a-car/new-and-used-car-search']]
2023-12-22 21:12:743 INFO  BuyPage :79 - navigateToNewAndUsedSearchCars :[[ChromeDriver: chrome on windows (fcffc5baf567b2147e45a31809be1298)] -> xpath: //label[normalize-space()='All new & used cars']]
2023-12-22 21:12:769 INFO  BuyPage :95 - navigateToNewAndUsedSearchCars :[[ChromeDriver: chrome on windows (fcffc5baf567b2147e45a31809be1298)] -> id: makes]
2023-12-22 21:12:907 INFO  BuyPage :99 - selectModel :[[ChromeDriver: chrome on windows (fcffc5baf567b2147e45a31809be1298)] -> id: makes]
2023-12-22 21:12:16 INFO  BuyPage :103 - selectLocation :[[ChromeDriver: chrome on windows (fcffc5baf567b2147e45a31809be1298)] -> id: locations]
2023-12-22 21:12:99 INFO  BuyPage :107 - selectPrice :[[ChromeDriver: chrome on windows (fcffc5baf567b2147e45a31809be1298)] -> id: priceTo]
2023-12-22 21:12:183 INFO  BuyPage :111 - clickOnFindMyNextCar :[[ChromeDriver: chrome on windows (fcffc5baf567b2147e45a31809be1298)] -> id: search-submit]
2023-12-22 21:12:744 INFO  BuyPage :63 - mouse hover on Buy n Sell :[[ChromeDriver: chrome on windows (d25e1ccae23ad840e4c3e01b2558a3fe)] -> xpath: //a[normalize-space()='buy + sell']]
2023-12-22 21:12:909 INFO  BuyPage :68 - searchCarsLink :[[ChromeDriver: chrome on windows (d25e1ccae23ad840e4c3e01b2558a3fe)] -> css selector: a[href='/buy-a-car/new-and-used-car-search']]
2023-12-22 21:12:298 INFO  BuyPage :79 - navigateToNewAndUsedSearchCars :[[ChromeDriver: chrome on windows (d25e1ccae23ad840e4c3e01b2558a3fe)] -> xpath: //label[normalize-space()='All new & used cars']]
2023-12-22 21:12:313 INFO  BuyPage :95 - navigateToNewAndUsedSearchCars :[[ChromeDriver: chrome on windows (d25e1ccae23ad840e4c3e01b2558a3fe)] -> id: makes]
2023-12-22 21:12:451 INFO  BuyPage :99 - selectModel :[[ChromeDriver: chrome on windows (d25e1ccae23ad840e4c3e01b2558a3fe)] -> id: makes]
2023-12-22 21:12:12 INFO  BuyPage :103 - selectLocation :[[ChromeDriver: chrome on windows (d25e1ccae23ad840e4c3e01b2558a3fe)] -> id: locations]
2023-12-22 21:12:95 INFO  BuyPage :107 - selectPrice :[[ChromeDriver: chrome on windows (d25e1ccae23ad840e4c3e01b2558a3fe)] -> id: priceTo]
2023-12-22 21:12:183 INFO  BuyPage :111 - clickOnFindMyNextCar :[[ChromeDriver: chrome on windows (d25e1ccae23ad840e4c3e01b2558a3fe)] -> id: search-submit]
